<?xml version="1.0" encoding="UTF-8"?>
<testng-results ignored="0" total="1" passed="1" failed="0" skipped="0">
  <reporter-output>
  </reporter-output>
  <suite started-at="2022-09-30T01:28:53 IST" name="Default suite" finished-at="2022-09-30T01:29:07 IST" duration-ms="14477">
    <groups>
    </groups>
    <test started-at="2022-09-30T01:28:53 IST" name="Default test" finished-at="2022-09-30T01:29:07 IST" duration-ms="14477">
      <class name="com.automationpractice.code.demo.DemoTestclass">
        <test-method is-config="true" signature="beforeTest()[pri:0, instance:com.automationpractice.code.demo.DemoTestclass@2df9b86]" started-at="2022-09-30T01:28:53 IST" name="beforeTest" finished-at="2022-09-30T01:28:59 IST" duration-ms="6501" status="PASS">
          <reporter-output>
          </reporter-output>
        </test-method> <!-- beforeTest -->
        <test-method signature="SignUpTest()[pri:0, instance:com.automationpractice.code.demo.DemoTestclass@2df9b86]" started-at="2022-09-30T01:28:59 IST" name="SignUpTest" finished-at="2022-09-30T01:29:07 IST" duration-ms="7642" status="PASS">
          <reporter-output>
          </reporter-output>
        </test-method> <!-- SignUpTest -->
        <test-method is-config="true" signature="tearDown()[pri:0, instance:com.automationpractice.code.demo.DemoTestclass@2df9b86]" started-at="2022-09-30T01:29:07 IST" name="tearDown" finished-at="2022-09-30T01:29:07 IST" duration-ms="256" status="PASS">
          <reporter-output>
          </reporter-output>
        </test-method> <!-- tearDown -->
      </class> <!-- com.automationpractice.code.demo.DemoTestclass -->
    </test> <!-- Default test -->
  </suite> <!-- Default suite -->
</testng-results>
